[23:41:36] [INFO] changed log level from 'warning, error' to 'info, warning, error'
[23:41:37] [INFO] successfully created channel with id '1'
[23:41:37] [INFO] successfully created guild with id '1'
[23:42:06] [INFO] executing PAWN callback 'DCC_OnChannelMessage'...
[23:42:06] [INFO] PAWN callback successfully executed.
[23:47:28] [INFO] changed log level from 'warning, error' to 'info, warning, error'
[23:47:29] [INFO] successfully created channel with id '1'
[23:47:29] [INFO] successfully created guild with id '1'
[23:47:53] [INFO] executing PAWN callback 'DCC_OnChannelMessage'...
[23:47:53] [INFO] PAWN callback successfully executed.
[23:48:07] [INFO] executing PAWN callback 'DCC_OnChannelMessage'...
[23:48:07] [INFO] PAWN callback successfully executed.
[00:00:20] [ERROR] can't update guild member presence: guild id "idle" not cached
[00:14:10] [ERROR] can't update guild member presence: guild id "online" not cached
[00:16:10] [ERROR] can't update guild member presence: guild id "idle" not cached
[05:51:40] [ERROR] can't update guild member presence: guild id "online" not cached
[05:54:07] [ERROR] can't update guild member presence: guild id "idle" not cached
[06:07:07] [ERROR] can't update guild member presence: guild id "online" not cached
[06:15:50] [INFO] changed log level from 'warning, error' to 'info, warning, error'
[06:15:50] [INFO] successfully created channel with id '1'
[06:15:50] [INFO] successfully created guild with id '1'
[06:16:14] [INFO] executing PAWN callback 'DCC_OnChannelMessage'...
[06:16:14] [INFO] PAWN callback successfully executed.
[06:16:21] [INFO] executing PAWN callback 'DCC_OnChannelMessage'...
[06:16:21] [INFO] PAWN callback successfully executed.
[06:17:00] [INFO] executing PAWN callback 'DCC_OnChannelMessage'...
[06:17:00] [INFO] PAWN callback successfully executed.
[06:17:13] [INFO] executing PAWN callback 'DCC_OnChannelMessage'...
[06:17:13] [INFO] PAWN callback successfully executed.
[06:35:21] [ERROR] can't update guild member presence: guild id "idle" not cached
[08:54:55] [ERROR] can't update guild member presence: guild id "online" not cached
[08:56:55] [ERROR] can't update guild member presence: guild id "idle" not cached
[12:11:44] [ERROR] can't update guild member presence: guild id "online" not cached
[12:13:44] [ERROR] can't update guild member presence: guild id "idle" not cached
[12:49:54] [ERROR] can't update guild member presence: guild id "online" not cached
[12:52:24] [ERROR] can't update guild member presence: guild id "idle" not cached
[14:00:28] [ERROR] can't update guild member presence: guild id "online" not cached
[14:02:28] [ERROR] can't update guild member presence: guild id "idle" not cached
[14:33:14] [ERROR] can't update guild member presence: guild id "online" not cached
[14:35:14] [ERROR] can't update guild member presence: guild id "idle" not cached
[16:31:25] [INFO] executing PAWN callback 'DCC_OnChannelMessage'...
[16:31:25] [INFO] PAWN callback successfully executed.
[16:31:35] [ERROR] can't update guild member presence: guild id "offline" not cached
[16:31:54] [INFO] executing PAWN callback 'DCC_OnChannelMessage'...
[16:31:54] [INFO] PAWN callback successfully executed.
[16:37:01] [ERROR] Error while retrieving HTTP POST response from '/api/v6/channels/487093414756876302/messages': end of stream
[16:37:01] [INFO] trying reconnect #1...
[16:37:02] [INFO] reconnect succeeded, resending request
[16:37:02] [INFO] executing PAWN callback 'DCC_OnChannelMessage'...
[16:37:02] [INFO] PAWN callback successfully executed.
[16:37:09] [INFO] executing PAWN callback 'DCC_OnChannelMessage'...
[16:37:09] [INFO] PAWN callback successfully executed.
[16:37:16] [INFO] executing PAWN callback 'DCC_OnChannelMessage'...
[16:37:16] [INFO] PAWN callback successfully executed.
[17:09:51] [ERROR] can't update guild member presence: guild id "online" not cached
[17:10:08] [INFO] executing PAWN callback 'DCC_OnChannelMessage'...
[17:10:08] [INFO] PAWN callback successfully executed.
[17:11:51] [ERROR] can't update guild member presence: guild id "idle" not cached
[17:14:10] [ERROR] can't update guild member presence: guild id "online" not cached
[17:16:10] [ERROR] can't update guild member presence: guild id "idle" not cached
[17:18:15] [ERROR] can't update guild member presence: guild id "online" not cached
[17:20:15] [ERROR] can't update guild member presence: guild id "idle" not cached
[17:23:18] [ERROR] can't update guild member presence: guild id "online" not cached
[17:23:43] [INFO] executing PAWN callback 'DCC_OnChannelMessage'...
[17:23:43] [INFO] PAWN callback successfully executed.
[17:26:14] [ERROR] can't update guild member presence: guild id "online" not cached
[17:27:13] [ERROR] can't update guild member presence: guild id "idle" not cached
[17:27:29] [ERROR] can't update guild member presence: guild id "online" not cached
[17:28:14] [ERROR] Error while retrieving HTTP POST response from '/api/v6/channels/487093414756876302/messages': end of stream
[17:28:14] [INFO] trying reconnect #1...
[17:28:15] [INFO] reconnect succeeded, resending request
[17:28:15] [INFO] executing PAWN callback 'DCC_OnChannelMessage'...
[17:28:15] [INFO] PAWN callback successfully executed.
[17:28:22] [INFO] executing PAWN callback 'DCC_OnChannelMessage'...
[17:28:22] [INFO] PAWN callback successfully executed.
[17:29:14] [INFO] executing PAWN callback 'DCC_OnChannelMessage'...
[17:29:14] [INFO] PAWN callback successfully executed.
[17:32:13] [ERROR] can't update guild member presence: guild id "idle" not cached
[17:44:33] [ERROR] can't update guild member presence: guild id "online" not cached
[17:46:18] [ERROR] can't update guild member presence: guild id "idle" not cached
[17:46:33] [ERROR] can't update guild member presence: guild id "idle" not cached
[17:46:50] [ERROR] can't update guild member presence: guild id "online" not cached
[17:47:55] [ERROR] can't update guild member presence: guild id "offline" not cached
[17:49:11] [ERROR] can't update guild member presence: guild id "online" not cached
[17:49:29] [ERROR] Error while retrieving HTTP POST response from '/api/v6/channels/487093414756876302/messages': end of stream
[17:49:29] [INFO] trying reconnect #1...
[17:49:29] [INFO] reconnect succeeded, resending request
[17:49:30] [INFO] executing PAWN callback 'DCC_OnChannelMessage'...
[17:49:30] [INFO] PAWN callback successfully executed.
[17:50:15] [INFO] changed log level from 'warning, error' to 'info, warning, error'
[17:50:17] [INFO] successfully created channel with id '1'
[17:50:17] [INFO] successfully created guild with id '1'
[17:56:25] [INFO] executing PAWN callback 'DCC_OnChannelMessage'...
[17:56:25] [INFO] PAWN callback successfully executed.
[17:57:09] [ERROR] Error while retrieving HTTP POST response from '/api/v6/channels/487093414756876302/messages': end of stream
[17:57:09] [INFO] trying reconnect #1...
[17:57:10] [INFO] reconnect succeeded, resending request
[17:57:10] [INFO] executing PAWN callback 'DCC_OnChannelMessage'...
[17:57:10] [INFO] PAWN callback successfully executed.
[17:57:31] [INFO] executing PAWN callback 'DCC_OnChannelMessage'...
[17:57:31] [INFO] PAWN callback successfully executed.
[17:57:43] [INFO] executing PAWN callback 'DCC_OnChannelMessage'...
[17:57:43] [INFO] PAWN callback successfully executed.
[18:03:11] [INFO] changed log level from 'warning, error' to 'info, warning, error'
[18:03:12] [INFO] successfully created channel with id '1'
[18:03:12] [INFO] successfully created guild with id '1'
[18:03:50] [INFO] executing PAWN callback 'DCC_OnChannelMessage'...
[18:03:50] [INFO] PAWN callback successfully executed.
[18:03:58] [INFO] executing PAWN callback 'DCC_OnChannelMessage'...
[18:03:58] [INFO] PAWN callback successfully executed.
[18:04:11] [INFO] executing PAWN callback 'DCC_OnChannelMessage'...
[18:04:11] [INFO] PAWN callback successfully executed.
[18:06:45] [INFO] changed log level from 'warning, error' to 'info, warning, error'
[18:06:47] [INFO] successfully created channel with id '1'
[18:06:47] [INFO] successfully created guild with id '1'
[18:07:03] [INFO] executing PAWN callback 'DCC_OnChannelMessage'...
[18:07:03] [INFO] PAWN callback successfully executed.
[18:07:08] [INFO] executing PAWN callback 'DCC_OnChannelMessage'...
[18:07:08] [INFO] PAWN callback successfully executed.
[18:19:31] [ERROR] Discord terminated websocket connection; reason:  (0)
[18:19:31] [INFO] websocket gateway connection terminated, attempting reconnect...
[18:19:31] [WARNING] Error while sending WS close frame: The I/O operation has been aborted because of either a thread exit or an application request (995)
[18:20:21] [ERROR] can't update guild member presence: guild id "idle" not cached
[18:43:58] [ERROR] can't update guild member presence: guild id "online" not cached
[18:55:21] [ERROR] can't update guild member presence: guild id "idle" not cached
[19:02:06] [INFO] changed log level from 'warning, error' to 'info, warning, error'
[19:02:07] [INFO] successfully created channel with id '1'
[19:02:07] [INFO] successfully created guild with id '1'
[19:02:12] [ERROR] can't update guild member presence: guild id "online" not cached
[19:02:35] [INFO] executing PAWN callback 'DCC_OnChannelMessage'...
[19:02:35] [INFO] PAWN callback successfully executed.
[19:02:38] [INFO] executing PAWN callback 'DCC_OnChannelMessage'...
[19:02:38] [INFO] PAWN callback successfully executed.
[19:05:19] [INFO] changed log level from 'warning, error' to 'info, warning, error'
[19:05:21] [INFO] successfully created channel with id '1'
[19:05:21] [INFO] successfully created guild with id '1'
[19:05:48] [INFO] executing PAWN callback 'DCC_OnChannelMessage'...
[19:05:48] [INFO] PAWN callback successfully executed.
[19:05:57] [INFO] executing PAWN callback 'DCC_OnChannelMessage'...
[19:05:57] [INFO] PAWN callback successfully executed.
[19:13:34] [INFO] changed log level from 'warning, error' to 'info, warning, error'
[19:13:35] [INFO] successfully created channel with id '1'
[19:13:35] [INFO] successfully created guild with id '1'
[19:17:51] [ERROR] can't update guild member presence: guild id "idle" not cached
[19:25:13] [INFO] changed log level from 'warning, error' to 'info, warning, error'
[19:25:14] [INFO] successfully created channel with id '1'
[19:25:14] [INFO] successfully created guild with id '1'
[19:25:19] [ERROR] can't update guild member presence: guild id "online" not cached
[19:25:35] [INFO] executing PAWN callback 'DCC_OnChannelMessage'...
[19:25:35] [INFO] PAWN callback successfully executed.
[19:25:42] [INFO] executing PAWN callback 'DCC_OnChannelMessage'...
[19:25:42] [INFO] PAWN callback successfully executed.
[19:26:00] [INFO] executing PAWN callback 'DCC_OnChannelMessage'...
[19:26:00] [INFO] PAWN callback successfully executed.
[19:26:20] [INFO] executing PAWN callback 'DCC_OnChannelMessage'...
[19:26:20] [INFO] PAWN callback successfully executed.
[19:28:24] [INFO] changed log level from 'warning, error' to 'info, warning, error'
[19:28:24] [INFO] successfully created channel with id '1'
[19:28:24] [INFO] successfully created guild with id '1'
[19:28:53] [INFO] executing PAWN callback 'DCC_OnChannelMessage'...
[19:28:53] [INFO] PAWN callback successfully executed.
[19:28:58] [INFO] executing PAWN callback 'DCC_OnChannelMessage'...
[19:28:58] [INFO] PAWN callback successfully executed.
[19:31:31] [INFO] executing PAWN callback 'DCC_OnChannelMessage'...
[19:31:31] [INFO] PAWN callback successfully executed.
[19:32:34] [INFO] executing PAWN callback 'DCC_OnChannelMessage'...
[19:32:34] [INFO] PAWN callback successfully executed.
[19:33:48] [INFO] executing PAWN callback 'DCC_OnChannelMessage'...
[19:33:48] [INFO] PAWN callback successfully executed.
[19:37:42] [INFO] changed log level from 'warning, error' to 'info, warning, error'
[19:37:44] [INFO] successfully created channel with id '1'
[19:37:44] [INFO] successfully created guild with id '1'
[19:38:19] [INFO] executing PAWN callback 'DCC_OnChannelMessage'...
[19:38:19] [INFO] PAWN callback successfully executed.
[19:38:26] [INFO] executing PAWN callback 'DCC_OnChannelMessage'...
[19:38:26] [INFO] PAWN callback successfully executed.
[19:39:25] [INFO] executing PAWN callback 'DCC_OnChannelMessage'...
[19:39:25] [INFO] PAWN callback successfully executed.
[19:39:50] [INFO] changed log level from 'warning, error' to 'info, warning, error'
[19:39:52] [INFO] successfully created channel with id '1'
[19:39:52] [INFO] successfully created guild with id '1'
[19:40:08] [INFO] executing PAWN callback 'DCC_OnChannelMessage'...
[19:40:08] [INFO] PAWN callback successfully executed.
[19:40:17] [INFO] executing PAWN callback 'DCC_OnChannelMessage'...
[19:40:17] [INFO] PAWN callback successfully executed.
[19:40:23] [INFO] executing PAWN callback 'DCC_OnChannelMessage'...
[19:40:23] [INFO] PAWN callback successfully executed.
[19:40:35] [INFO] executing PAWN callback 'DCC_OnChannelMessage'...
[19:40:35] [INFO] PAWN callback successfully executed.
[19:40:44] [INFO] executing PAWN callback 'DCC_OnChannelMessage'...
[19:40:44] [INFO] PAWN callback successfully executed.
[19:46:30] [INFO] executing PAWN callback 'DCC_OnChannelMessage'...
[19:46:30] [INFO] PAWN callback successfully executed.
[19:46:52] [INFO] executing PAWN callback 'DCC_OnChannelMessage'...
[19:46:52] [INFO] PAWN callback successfully executed.
[19:47:06] [INFO] executing PAWN callback 'DCC_OnChannelMessage'...
[19:47:06] [INFO] PAWN callback successfully executed.
[19:47:47] [INFO] executing PAWN callback 'DCC_OnChannelMessage'...
[19:47:47] [INFO] PAWN callback successfully executed.
[19:49:13] [INFO] executing PAWN callback 'DCC_OnChannelMessage'...
[19:49:13] [INFO] PAWN callback successfully executed.
[19:52:51] [ERROR] can't update guild member presence: guild id "idle" not cached
[19:55:39] [INFO] executing PAWN callback 'DCC_OnChannelMessage'...
[19:55:39] [INFO] PAWN callback successfully executed.
[19:58:21] [INFO] executing PAWN callback 'DCC_OnChannelMessage'...
[19:58:21] [INFO] PAWN callback successfully executed.
[19:58:58] [ERROR] can't update guild member presence: guild id "online" not cached
[20:10:21] [ERROR] can't update guild member presence: guild id "idle" not cached
[20:10:26] [ERROR] can't update guild member presence: guild id "online" not cached
[20:11:11] [INFO] changed log level from 'warning, error' to 'info, warning, error'
[20:11:13] [INFO] successfully created channel with id '1'
[20:11:13] [INFO] successfully created guild with id '1'
[20:11:40] [INFO] executing PAWN callback 'DCC_OnChannelMessage'...
[20:11:40] [INFO] PAWN callback successfully executed.
[20:11:47] [INFO] executing PAWN callback 'DCC_OnChannelMessage'...
[20:11:47] [INFO] PAWN callback successfully executed.
[20:11:58] [INFO] executing PAWN callback 'DCC_OnChannelMessage'...
[20:11:58] [INFO] PAWN callback successfully executed.
[20:12:40] [INFO] changed log level from 'warning, error' to 'info, warning, error'
[20:12:41] [INFO] successfully created channel with id '1'
[20:12:41] [INFO] successfully created guild with id '1'
[20:13:15] [INFO] executing PAWN callback 'DCC_OnChannelMessage'...
[20:13:15] [INFO] PAWN callback successfully executed.
[20:13:22] [INFO] executing PAWN callback 'DCC_OnChannelMessage'...
[20:13:22] [INFO] PAWN callback successfully executed.
[20:13:39] [INFO] executing PAWN callback 'DCC_OnChannelMessage'...
[20:13:39] [INFO] PAWN callback successfully executed.
[20:17:35] [INFO] changed log level from 'warning, error' to 'info, warning, error'
[20:17:36] [INFO] successfully created channel with id '1'
[20:17:36] [INFO] successfully created guild with id '1'
[20:17:54] [INFO] executing PAWN callback 'DCC_OnChannelMessage'...
[20:17:54] [INFO] PAWN callback successfully executed.
[20:18:12] [INFO] executing PAWN callback 'DCC_OnChannelMessage'...
[20:18:12] [INFO] PAWN callback successfully executed.
[20:29:53] [INFO] changed log level from 'warning, error' to 'info, warning, error'
[20:29:54] [INFO] successfully created channel with id '1'
[20:29:54] [INFO] successfully created guild with id '1'
[20:30:01] [INFO] executing PAWN callback 'DCC_OnChannelMessage'...
[20:30:01] [INFO] PAWN callback successfully executed.
[20:30:38] [INFO] executing PAWN callback 'DCC_OnChannelMessage'...
[20:30:38] [INFO] PAWN callback successfully executed.
[20:30:43] [INFO] executing PAWN callback 'DCC_OnChannelMessage'...
[20:30:43] [INFO] PAWN callback successfully executed.
[20:33:40] [INFO] changed log level from 'warning, error' to 'info, warning, error'
[20:33:42] [INFO] successfully created channel with id '1'
[20:33:42] [INFO] successfully created guild with id '1'
[20:33:45] [INFO] executing PAWN callback 'DCC_OnChannelMessage'...
[20:33:45] [INFO] PAWN callback successfully executed.
[20:33:57] [INFO] executing PAWN callback 'DCC_OnChannelMessage'...
[20:33:57] [INFO] PAWN callback successfully executed.
[20:34:03] [INFO] executing PAWN callback 'DCC_OnChannelMessage'...
[20:34:03] [INFO] PAWN callback successfully executed.
[20:45:21] [ERROR] can't update guild member presence: guild id "idle" not cached
[20:45:39] [INFO] changed log level from 'warning, error' to 'info, warning, error'
[20:45:40] [INFO] successfully created channel with id '1'
[20:45:40] [INFO] successfully created guild with id '1'
[20:45:44] [ERROR] can't update guild member presence: guild id "online" not cached
[20:45:59] [INFO] executing PAWN callback 'DCC_OnChannelMessage'...
[20:45:59] [INFO] PAWN callback successfully executed.
[20:46:16] [INFO] executing PAWN callback 'DCC_OnChannelMessage'...
[20:46:16] [INFO] PAWN callback successfully executed.
[20:46:25] [INFO] executing PAWN callback 'DCC_OnChannelMessage'...
[20:46:25] [INFO] PAWN callback successfully executed.
[20:47:42] [INFO] changed log level from 'warning, error' to 'info, warning, error'
[20:47:43] [INFO] successfully created channel with id '1'
[20:47:43] [INFO] successfully created guild with id '1'
[20:47:56] [INFO] executing PAWN callback 'DCC_OnChannelMessage'...
[20:47:56] [INFO] PAWN callback successfully executed.
[20:48:04] [INFO] executing PAWN callback 'DCC_OnChannelMessage'...
[20:48:04] [INFO] PAWN callback successfully executed.
[20:48:15] [INFO] executing PAWN callback 'DCC_OnChannelMessage'...
[20:48:15] [INFO] PAWN callback successfully executed.
[20:55:10] [INFO] changed log level from 'warning, error' to 'info, warning, error'
[20:55:12] [INFO] successfully created channel with id '1'
[20:55:12] [INFO] successfully created guild with id '1'
[20:55:25] [INFO] executing PAWN callback 'DCC_OnChannelMessage'...
[20:55:25] [INFO] PAWN callback successfully executed.
[20:55:25] [INFO] executing PAWN callback 'DCC_OnChannelMessage'...
[20:55:25] [INFO] PAWN callback successfully executed.
[20:55:26] [INFO] executing PAWN callback 'DCC_OnChannelMessage'...
[20:55:26] [INFO] PAWN callback successfully executed.
[20:55:26] [INFO] executing PAWN callback 'DCC_OnChannelMessage'...
[20:55:26] [INFO] PAWN callback successfully executed.
[20:55:26] [INFO] executing PAWN callback 'DCC_OnChannelMessage'...
[20:55:26] [INFO] PAWN callback successfully executed.
[20:55:34] [INFO] executing PAWN callback 'DCC_OnChannelMessage'...
[20:55:34] [INFO] PAWN callback successfully executed.
[20:55:34] [INFO] executing PAWN callback 'DCC_OnChannelMessage'...
[20:55:34] [INFO] PAWN callback successfully executed.
[20:55:34] [INFO] executing PAWN callback 'DCC_OnChannelMessage'...
[20:55:34] [INFO] PAWN callback successfully executed.
[20:55:35] [INFO] executing PAWN callback 'DCC_OnChannelMessage'...
[20:55:35] [INFO] PAWN callback successfully executed.
[20:55:35] [INFO] executing PAWN callback 'DCC_OnChannelMessage'...
[20:55:35] [INFO] PAWN callback successfully executed.
[20:55:39] [INFO] executing PAWN callback 'DCC_OnChannelMessage'...
[20:55:39] [INFO] PAWN callback successfully executed.
[20:55:39] [INFO] executing PAWN callback 'DCC_OnChannelMessage'...
[20:55:39] [INFO] PAWN callback successfully executed.
[20:55:39] [INFO] executing PAWN callback 'DCC_OnChannelMessage'...
[20:55:39] [INFO] PAWN callback successfully executed.
[20:55:39] [INFO] executing PAWN callback 'DCC_OnChannelMessage'...
[20:55:39] [INFO] PAWN callback successfully executed.
[20:55:40] [INFO] executing PAWN callback 'DCC_OnChannelMessage'...
[20:55:40] [INFO] PAWN callback successfully executed.
[20:55:40] [INFO] executing PAWN callback 'DCC_OnChannelMessage'...
[20:55:40] [INFO] PAWN callback successfully executed.
[21:07:51] [ERROR] can't update guild member presence: guild id "idle" not cached
[21:29:43] [ERROR] Error while retrieving HTTP POST response from '/api/v6/channels/487093414756876302/messages': end of stream
[21:29:43] [INFO] trying reconnect #1...
[21:29:44] [INFO] reconnect succeeded, resending request
[21:29:44] [INFO] executing PAWN callback 'DCC_OnChannelMessage'...
[21:29:44] [INFO] PAWN callback successfully executed.
[21:29:44] [INFO] executing PAWN callback 'DCC_OnChannelMessage'...
[21:29:44] [INFO] PAWN callback successfully executed.
[21:29:44] [INFO] executing PAWN callback 'DCC_OnChannelMessage'...
[21:29:44] [INFO] PAWN callback successfully executed.
[21:29:44] [INFO] executing PAWN callback 'DCC_OnChannelMessage'...
[21:29:44] [INFO] PAWN callback successfully executed.
[21:29:45] [INFO] executing PAWN callback 'DCC_OnChannelMessage'...
[21:29:45] [INFO] PAWN callback successfully executed.
[21:31:16] [INFO] executing PAWN callback 'DCC_OnChannelMessage'...
[21:31:16] [INFO] PAWN callback successfully executed.
[21:31:16] [INFO] executing PAWN callback 'DCC_OnChannelMessage'...
[21:31:16] [INFO] PAWN callback successfully executed.
[21:31:16] [INFO] executing PAWN callback 'DCC_OnChannelMessage'...
[21:31:16] [INFO] PAWN callback successfully executed.
[21:31:17] [INFO] executing PAWN callback 'DCC_OnChannelMessage'...
[21:31:17] [INFO] PAWN callback successfully executed.
[21:31:17] [INFO] executing PAWN callback 'DCC_OnChannelMessage'...
[21:31:17] [INFO] PAWN callback successfully executed.
[21:31:56] [INFO] changed log level from 'warning, error' to 'info, warning, error'
[21:31:57] [INFO] successfully created channel with id '1'
[21:31:57] [INFO] successfully created guild with id '1'
[21:33:26] [INFO] executing PAWN callback 'DCC_OnChannelMessage'...
[21:33:26] [INFO] PAWN callback successfully executed.
[21:33:30] [INFO] executing PAWN callback 'DCC_OnChannelMessage'...
[21:33:30] [INFO] PAWN callback successfully executed.
[21:36:33] [INFO] executing PAWN callback 'DCC_OnChannelMessage'...
[21:36:33] [INFO] PAWN callback successfully executed.
[21:47:41] [ERROR] can't update guild member presence: guild id "online" not cached
[21:47:46] [INFO] executing PAWN callback 'DCC_OnChannelMessage'...
[21:47:46] [INFO] PAWN callback successfully executed.
[21:48:13] [INFO] executing PAWN callback 'DCC_OnChannelMessage'...
[21:48:13] [INFO] PAWN callback successfully executed.
[21:48:43] [ERROR] Error while retrieving HTTP POST response from '/api/v6/channels/487093414756876302/messages': end of stream
[21:48:43] [INFO] trying reconnect #1...
[21:48:43] [INFO] reconnect succeeded, resending request
[21:48:44] [INFO] executing PAWN callback 'DCC_OnChannelMessage'...
[21:48:44] [INFO] PAWN callback successfully executed.
[21:51:57] [INFO] executing PAWN callback 'DCC_OnChannelMessage'...
[21:51:57] [INFO] PAWN callback successfully executed.
[21:52:09] [INFO] executing PAWN callback 'DCC_OnChannelMessage'...
[21:52:09] [INFO] PAWN callback successfully executed.
[21:52:12] [INFO] executing PAWN callback 'DCC_OnChannelMessage'...
[21:52:12] [INFO] PAWN callback successfully executed.
[21:52:13] [INFO] executing PAWN callback 'DCC_OnChannelMessage'...
[21:52:13] [INFO] PAWN callback successfully executed.
[21:52:23] [INFO] executing PAWN callback 'DCC_OnChannelMessage'...
[21:52:23] [INFO] PAWN callback successfully executed.
[21:52:33] [INFO] executing PAWN callback 'DCC_OnChannelMessage'...
[21:52:33] [INFO] PAWN callback successfully executed.
[21:57:50] [ERROR] can't update guild member presence: guild id "idle" not cached
[21:57:56] [INFO] executing PAWN callback 'DCC_OnChannelMessage'...
[21:57:56] [INFO] PAWN callback successfully executed.
[21:58:05] [INFO] executing PAWN callback 'DCC_OnChannelMessage'...
[21:58:05] [INFO] PAWN callback successfully executed.
[21:58:31] [INFO] executing PAWN callback 'DCC_OnChannelMessage'...
[21:58:31] [INFO] PAWN callback successfully executed.
[22:00:24] [INFO] executing PAWN callback 'DCC_OnChannelMessage'...
[22:00:24] [INFO] PAWN callback successfully executed.
[22:00:28] [INFO] executing PAWN callback 'DCC_OnChannelMessage'...
[22:00:28] [INFO] PAWN callback successfully executed.
[22:00:36] [INFO] executing PAWN callback 'DCC_OnChannelMessage'...
[22:00:36] [INFO] PAWN callback successfully executed.
[22:00:51] [INFO] executing PAWN callback 'DCC_OnChannelMessage'...
[22:00:51] [INFO] PAWN callback successfully executed.
[22:02:09] [ERROR] can't update guild member presence: guild id "online" not cached
[22:04:33] [INFO] executing PAWN callback 'DCC_OnChannelMessage'...
[22:04:33] [INFO] PAWN callback successfully executed.
[22:10:24] [ERROR] Error while retrieving HTTP POST response from '/api/v6/channels/487093414756876302/messages': end of stream
[22:10:24] [INFO] trying reconnect #1...
[22:10:24] [INFO] reconnect succeeded, resending request
[22:10:25] [INFO] executing PAWN callback 'DCC_OnChannelMessage'...
[22:10:25] [INFO] PAWN callback successfully executed.
[22:14:54] [INFO] executing PAWN callback 'DCC_OnChannelMessage'...
[22:14:54] [INFO] PAWN callback successfully executed.
[22:16:45] [ERROR] can't update guild member presence: guild id "offline" not cached
[22:16:47] [ERROR] can't update guild member presence: guild id "online" not cached
[22:27:51] [ERROR] can't update guild member presence: guild id "idle" not cached
[22:29:56] [ERROR] Discord terminated websocket connection; reason:  (1000)
[22:29:56] [INFO] websocket gateway connection terminated, attempting reconnect...
[22:29:56] [WARNING] Error while sending WS close frame: The I/O operation has been aborted because of either a thread exit or an application request (995)
[22:57:05] [ERROR] can't update guild member presence: guild id "online" not cached
[22:59:05] [ERROR] can't update guild member presence: guild id "idle" not cached
[23:25:23] [ERROR] can't update guild member presence: guild id "online" not cached
[23:25:40] [INFO] executing PAWN callback 'DCC_OnChannelMessage'...
[23:25:40] [INFO] PAWN callback successfully executed.
[23:27:23] [ERROR] can't update guild member presence: guild id "idle" not cached
[23:29:05] [INFO] executing PAWN callback 'DCC_OnChannelMessage'...
[23:29:05] [INFO] PAWN callback successfully executed.
[23:29:13] [ERROR] can't update guild member presence: guild id "online" not cached
[23:29:24] [INFO] executing PAWN callback 'DCC_OnChannelMessage'...
[23:29:24] [INFO] PAWN callback successfully executed.
[23:29:31] [INFO] executing PAWN callback 'DCC_OnChannelMessage'...
[23:29:31] [INFO] PAWN callback successfully executed.
[23:29:47] [INFO] executing PAWN callback 'DCC_OnChannelMessage'...
[23:29:47] [INFO] PAWN callback successfully executed.
[23:30:21] [INFO] executing PAWN callback 'DCC_OnChannelMessage'...
[23:30:21] [INFO] PAWN callback successfully executed.
[23:30:33] [INFO] executing PAWN callback 'DCC_OnChannelMessage'...
[23:30:33] [INFO] PAWN callback successfully executed.
[23:31:10] [INFO] executing PAWN callback 'DCC_OnChannelMessage'...
[23:31:10] [INFO] PAWN callback successfully executed.
[23:31:14] [INFO] executing PAWN callback 'DCC_OnChannelMessage'...
[23:31:14] [INFO] PAWN callback successfully executed.
[23:31:41] [INFO] executing PAWN callback 'DCC_OnChannelMessage'...
[23:31:41] [INFO] PAWN callback successfully executed.
[23:31:55] [INFO] executing PAWN callback 'DCC_OnChannelMessage'...
[23:31:55] [INFO] PAWN callback successfully executed.
[23:31:58] [INFO] executing PAWN callback 'DCC_OnChannelMessage'...
[23:31:58] [INFO] PAWN callback successfully executed.
[23:32:04] [INFO] executing PAWN callback 'DCC_OnChannelMessage'...
[23:32:04] [INFO] PAWN callback successfully executed.
[23:32:18] [INFO] executing PAWN callback 'DCC_OnChannelMessage'...
[23:32:18] [INFO] PAWN callback successfully executed.
[23:32:33] [INFO] executing PAWN callback 'DCC_OnChannelMessage'...
[23:32:33] [INFO] PAWN callback successfully executed.
[23:33:02] [INFO] executing PAWN callback 'DCC_OnChannelMessage'...
[23:33:02] [INFO] PAWN callback successfully executed.
[23:33:09] [INFO] executing PAWN callback 'DCC_OnChannelMessage'...
[23:33:09] [INFO] PAWN callback successfully executed.
[23:33:34] [INFO] executing PAWN callback 'DCC_OnChannelMessage'...
[23:33:34] [INFO] PAWN callback successfully executed.
[23:33:55] [INFO] executing PAWN callback 'DCC_OnChannelMessage'...
[23:33:55] [INFO] PAWN callback successfully executed.
[23:34:03] [INFO] executing PAWN callback 'DCC_OnChannelMessage'...
[23:34:03] [INFO] PAWN callback successfully executed.
[23:34:14] [ERROR] can't update guild member presence: guild id "offline" not cached
[23:34:17] [INFO] executing PAWN callback 'DCC_OnChannelMessage'...
[23:34:17] [INFO] PAWN callback successfully executed.
[23:34:27] [INFO] executing PAWN callback 'DCC_OnChannelMessage'...
[23:34:27] [INFO] PAWN callback successfully executed.
[23:34:36] [INFO] executing PAWN callback 'DCC_OnChannelMessage'...
[23:34:36] [INFO] PAWN callback successfully executed.
[23:34:36] [ERROR] can't update guild member presence: guild id "offline" not cached
[23:35:19] [INFO] executing PAWN callback 'DCC_OnChannelMessage'...
[23:35:19] [INFO] PAWN callback successfully executed.
[23:35:24] [INFO] executing PAWN callback 'DCC_OnChannelMessage'...
[23:35:24] [INFO] PAWN callback successfully executed.
[23:36:38] [INFO] executing PAWN callback 'DCC_OnChannelMessage'...
[23:36:38] [INFO] PAWN callback successfully executed.
[23:36:43] [INFO] executing PAWN callback 'DCC_OnChannelMessage'...
[23:36:43] [INFO] PAWN callback successfully executed.
[23:37:03] [INFO] executing PAWN callback 'DCC_OnChannelMessage'...
[23:37:03] [INFO] PAWN callback successfully executed.
[23:37:20] [INFO] executing PAWN callback 'DCC_OnChannelMessage'...
[23:37:20] [INFO] PAWN callback successfully executed.
[23:37:26] [INFO] executing PAWN callback 'DCC_OnChannelMessage'...
[23:37:26] [INFO] PAWN callback successfully executed.
[23:37:39] [INFO] executing PAWN callback 'DCC_OnChannelMessage'...
[23:37:39] [INFO] PAWN callback successfully executed.
[23:37:54] [INFO] executing PAWN callback 'DCC_OnChannelMessage'...
[23:37:54] [INFO] PAWN callback successfully executed.
[23:38:43] [ERROR] can't update guild member presence: guild id "offline" not cached
[23:39:28] [ERROR] can't update guild member presence: guild id "idle" not cached
[23:56:53] [ERROR] can't update guild member presence: guild id "offline" not cached
[23:57:04] [INFO] executing PAWN callback 'DCC_OnChannelMessage'...
[23:57:04] [INFO] PAWN callback successfully executed.
[23:57:27] [INFO] executing PAWN callback 'DCC_OnChannelMessage'...
[23:57:27] [INFO] PAWN callback successfully executed.
[00:00:18] [ERROR] can't update guild member presence: guild id "offline" not cached
[00:00:39] [ERROR] can't update guild member presence: guild id "online" not cached
[00:00:52] [INFO] executing PAWN callback 'DCC_OnChannelMessage'...
[00:00:52] [INFO] PAWN callback successfully executed.
[00:00:59] [INFO] executing PAWN callback 'DCC_OnChannelMessage'...
[00:00:59] [INFO] PAWN callback successfully executed.
[00:02:39] [ERROR] can't update guild member presence: guild id "idle" not cached
[05:50:40] [ERROR] can't update guild member presence: guild id "online" not cached
[05:52:40] [ERROR] can't update guild member presence: guild id "idle" not cached
[06:13:03] [ERROR] can't update guild member presence: guild id "online" not cached
[06:13:35] [ERROR] Error while retrieving HTTP POST response from '/api/v6/channels/487093414756876302/messages': end of stream
[06:13:35] [INFO] trying reconnect #1...
[06:13:35] [INFO] reconnect succeeded, resending request
[06:13:36] [INFO] executing PAWN callback 'DCC_OnChannelMessage'...
[06:13:36] [INFO] PAWN callback successfully executed.
[06:13:48] [INFO] executing PAWN callback 'DCC_OnChannelMessage'...
[06:13:48] [INFO] PAWN callback successfully executed.
[06:14:21] [INFO] executing PAWN callback 'DCC_OnChannelMessage'...
[06:14:21] [INFO] PAWN callback successfully executed.
[06:24:27] [INFO] changed log level from 'warning, error' to 'info, warning, error'
[06:24:28] [INFO] successfully created channel with id '1'
[06:24:28] [INFO] successfully created guild with id '1'
[06:24:43] [INFO] executing PAWN callback 'DCC_OnChannelMessage'...
[06:24:43] [INFO] PAWN callback successfully executed.
[06:25:01] [INFO] executing PAWN callback 'DCC_OnChannelMessage'...
[06:25:01] [INFO] PAWN callback successfully executed.
[06:25:10] [INFO] executing PAWN callback 'DCC_OnChannelMessage'...
[06:25:10] [INFO] PAWN callback successfully executed.
[06:25:20] [INFO] executing PAWN callback 'DCC_OnChannelMessage'...
[06:25:20] [INFO] PAWN callback successfully executed.
[06:37:51] [ERROR] can't update guild member presence: guild id "idle" not cached
[06:41:51] [INFO] changed log level from 'warning, error' to 'info, warning, error'
[06:41:52] [INFO] successfully created channel with id '1'
[06:41:52] [INFO] successfully created guild with id '1'
[06:41:57] [ERROR] can't update guild member presence: guild id "online" not cached
[06:42:37] [INFO] executing PAWN callback 'DCC_OnChannelMessage'...
[06:42:37] [INFO] PAWN callback successfully executed.
[06:42:44] [INFO] executing PAWN callback 'DCC_OnChannelMessage'...
[06:42:44] [INFO] PAWN callback successfully executed.
[06:42:59] [INFO] executing PAWN callback 'DCC_OnChannelMessage'...
[06:42:59] [INFO] PAWN callback successfully executed.
[06:51:13] [INFO] changed log level from 'warning, error' to 'info, warning, error'
[06:51:15] [INFO] successfully created channel with id '1'
[06:51:15] [INFO] successfully created guild with id '1'
[06:51:30] [INFO] executing PAWN callback 'DCC_OnChannelMessage'...
[06:51:30] [INFO] PAWN callback successfully executed.
[06:51:37] [INFO] executing PAWN callback 'DCC_OnChannelMessage'...
[06:51:37] [INFO] PAWN callback successfully executed.
[06:51:44] [INFO] executing PAWN callback 'DCC_OnChannelMessage'...
[06:51:44] [INFO] PAWN callback successfully executed.
[06:52:11] [INFO] executing PAWN callback 'DCC_OnChannelMessage'...
[06:52:11] [INFO] PAWN callback successfully executed.
[07:05:21] [ERROR] can't update guild member presence: guild id "idle" not cached
[07:27:41] [ERROR] Discord terminated websocket connection; reason:  (1001)
[07:27:41] [INFO] websocket gateway connection terminated, attempting reconnect...
[07:27:41] [WARNING] Error while sending WS close frame: The I/O operation has been aborted because of either a thread exit or an application request (995)
[08:36:27] [ERROR] Discord terminated websocket connection; reason:  (1001)
[08:36:27] [INFO] websocket gateway connection terminated, attempting reconnect...
[08:36:27] [WARNING] Error while sending WS close frame: The I/O operation has been aborted because of either a thread exit or an application request (995)
[11:43:33] [ERROR] can't update guild member presence: guild id "online" not cached
[11:45:33] [ERROR] can't update guild member presence: guild id "idle" not cached
[12:43:43] [ERROR] can't update guild member presence: guild id "online" not cached
[12:45:43] [ERROR] can't update guild member presence: guild id "idle" not cached
[12:57:15] [WARNING] Unknown gateway event 'PRESENCES_REPLACE'
[13:32:49] [ERROR] can't update guild member presence: guild id "online" not cached
[13:34:49] [ERROR] can't update guild member presence: guild id "idle" not cached
[17:10:48] [ERROR] Error while retrieving HTTP POST response from '/api/v6/channels/487093414756876302/messages': end of stream
[17:10:48] [INFO] trying reconnect #1...
[17:10:48] [INFO] reconnect succeeded, resending request
[17:11:00] [INFO] executing PAWN callback 'DCC_OnChannelMessage'...
[17:11:00] [INFO] PAWN callback successfully executed.
[17:11:07] [ERROR] can't update guild member presence: guild id "online" not cached
[17:13:07] [ERROR] can't update guild member presence: guild id "idle" not cached
[17:21:14] [WARNING] Unknown gateway event 'PRESENCES_REPLACE'
[18:17:27] [ERROR] Error while retrieving HTTP POST response from '/api/v6/channels/487093414756876302/messages': end of stream
[18:17:27] [INFO] trying reconnect #1...
[18:17:27] [INFO] reconnect succeeded, resending request
[18:17:27] [INFO] executing PAWN callback 'DCC_OnChannelMessage'...
[18:17:27] [INFO] PAWN callback successfully executed.
[18:17:45] [INFO] executing PAWN callback 'DCC_OnChannelMessage'...
[18:17:45] [INFO] PAWN callback successfully executed.
[18:18:42] [ERROR] can't update guild member presence: guild id "online" not cached
[18:18:45] [WARNING] Unknown gateway event 'PRESENCES_REPLACE'
[18:19:15] [INFO] executing PAWN callback 'DCC_OnChannelMessage'...
[18:19:15] [INFO] PAWN callback successfully executed.
[18:29:47] [ERROR] Error while retrieving HTTP POST response from '/api/v6/channels/487093414756876302/messages': end of stream
[18:29:47] [INFO] trying reconnect #1...
[18:29:48] [INFO] reconnect succeeded, resending request
[18:29:48] [INFO] executing PAWN callback 'DCC_OnChannelMessage'...
[18:29:48] [INFO] PAWN callback successfully executed.
[18:31:35] [INFO] executing PAWN callback 'DCC_OnChannelMessage'...
[18:31:35] [INFO] PAWN callback successfully executed.
[18:32:50] [ERROR] can't update guild member presence: guild id "idle" not cached
[18:33:36] [INFO] executing PAWN callback 'DCC_OnChannelMessage'...
[18:33:36] [INFO] PAWN callback successfully executed.
[18:33:59] [INFO] executing PAWN callback 'DCC_OnChannelMessage'...
[18:33:59] [INFO] PAWN callback successfully executed.
[18:59:58] [ERROR] can't update guild member presence: guild id "online" not cached
[19:00:03] [INFO] executing PAWN callback 'DCC_OnChannelMessage'...
[19:00:03] [INFO] PAWN callback successfully executed.
[19:10:20] [ERROR] can't update guild member presence: guild id "idle" not cached
[19:11:20] [WARNING] Unknown gateway event 'PRESENCES_REPLACE'
[19:12:57] [ERROR] can't update guild member presence: guild id "online" not cached
[19:17:41] [ERROR] Error while retrieving HTTP POST response from '/api/v6/channels/487093414756876302/messages': end of stream
[19:17:41] [INFO] trying reconnect #1...
[19:17:41] [INFO] reconnect succeeded, resending request
[19:17:42] [INFO] executing PAWN callback 'DCC_OnChannelMessage'...
[19:17:42] [INFO] PAWN callback successfully executed.
[19:19:55] [WARNING] Unknown gateway event 'PRESENCES_REPLACE'
[19:25:20] [ERROR] can't update guild member presence: guild id "idle" not cached
[21:28:38] [INFO] changed log level from 'warning, error' to 'info, warning, error'
[21:28:40] [INFO] successfully created channel with id '1'
[21:28:40] [INFO] successfully created guild with id '1'
[21:28:42] [ERROR] can't update guild member presence: guild id "online" not cached
[21:40:21] [ERROR] can't update guild member presence: guild id "idle" not cached
[21:41:04] [ERROR] can't update guild member presence: guild id "online" not cached
[21:52:51] [ERROR] can't update guild member presence: guild id "idle" not cached
[00:57:10] [ERROR] Error while retrieving HTTP POST response from '/api/v6/channels/487093414756876302/messages': end of stream
[00:57:10] [INFO] trying reconnect #1...
[00:57:10] [INFO] reconnect succeeded, resending request
[00:57:11] [INFO] executing PAWN callback 'DCC_OnChannelMessage'...
[00:57:11] [INFO] PAWN callback successfully executed.
[01:04:17] [ERROR] Error while retrieving HTTP POST response from '/api/v6/channels/487093414756876302/messages': end of stream
[01:04:17] [INFO] trying reconnect #1...
[01:04:17] [INFO] reconnect succeeded, resending request
[01:04:17] [INFO] executing PAWN callback 'DCC_OnChannelMessage'...
[01:04:17] [INFO] PAWN callback successfully executed.
[05:56:29] [ERROR] can't update guild member presence: guild id "online" not cached
[05:58:30] [ERROR] can't update guild member presence: guild id "idle" not cached
[06:49:54] [ERROR] can't update guild member presence: guild id "online" not cached
[06:59:57] [ERROR] Error while retrieving HTTP POST response from '/api/v6/channels/487093414756876302/messages': end of stream
[06:59:57] [INFO] trying reconnect #1...
[06:59:58] [INFO] reconnect succeeded, resending request
[06:59:58] [INFO] executing PAWN callback 'DCC_OnChannelMessage'...
[06:59:58] [INFO] PAWN callback successfully executed.
[07:00:16] [INFO] executing PAWN callback 'DCC_OnChannelMessage'...
[07:00:16] [INFO] PAWN callback successfully executed.
[07:01:18] [INFO] executing PAWN callback 'DCC_OnChannelMessage'...
[07:01:18] [INFO] PAWN callback successfully executed.
[07:11:34] [ERROR] Error while retrieving HTTP POST response from '/api/v6/channels/487093414756876302/messages': end of stream
[07:11:34] [INFO] trying reconnect #1...
[07:11:35] [INFO] reconnect succeeded, resending request
[07:11:35] [INFO] executing PAWN callback 'DCC_OnChannelMessage'...
[07:11:35] [INFO] PAWN callback successfully executed.
[07:11:44] [INFO] executing PAWN callback 'DCC_OnChannelMessage'...
[07:11:44] [INFO] PAWN callback successfully executed.
[07:12:07] [INFO] executing PAWN callback 'DCC_OnChannelMessage'...
[07:12:07] [INFO] PAWN callback successfully executed.
[07:12:15] [INFO] executing PAWN callback 'DCC_OnChannelMessage'...
[07:12:15] [INFO] PAWN callback successfully executed.
[07:12:20] [INFO] executing PAWN callback 'DCC_OnChannelMessage'...
[07:12:20] [INFO] PAWN callback successfully executed.
[07:12:22] [INFO] executing PAWN callback 'DCC_OnChannelMessage'...
[07:12:22] [INFO] PAWN callback successfully executed.
[07:12:32] [ERROR] can't update guild member presence: guild id "offline" not cached
[07:12:33] [ERROR] can't update guild member presence: guild id "online" not cached
[07:12:37] [INFO] executing PAWN callback 'DCC_OnChannelMessage'...
[07:12:37] [INFO] PAWN callback successfully executed.
[07:12:46] [INFO] executing PAWN callback 'DCC_OnChannelMessage'...
[07:12:46] [INFO] PAWN callback successfully executed.
[07:12:55] [INFO] executing PAWN callback 'DCC_OnChannelMessage'...
[07:12:55] [INFO] PAWN callback successfully executed.
[07:13:00] [INFO] executing PAWN callback 'DCC_OnChannelMessage'...
[07:13:00] [INFO] PAWN callback successfully executed.
[07:13:05] [INFO] executing PAWN callback 'DCC_OnChannelMessage'...
[07:13:05] [INFO] PAWN callback successfully executed.
[07:13:09] [INFO] executing PAWN callback 'DCC_OnChannelMessage'...
[07:13:09] [INFO] PAWN callback successfully executed.
[07:13:23] [INFO] executing PAWN callback 'DCC_OnChannelMessage'...
[07:13:23] [INFO] PAWN callback successfully executed.
[07:13:31] [INFO] executing PAWN callback 'DCC_OnChannelMessage'...
[07:13:31] [INFO] PAWN callback successfully executed.
[07:13:31] [INFO] executing PAWN callback 'DCC_OnChannelMessage'...
[07:13:31] [INFO] PAWN callback successfully executed.
[07:13:41] [INFO] executing PAWN callback 'DCC_OnChannelMessage'...
[07:13:41] [INFO] PAWN callback successfully executed.
[07:13:45] [INFO] executing PAWN callback 'DCC_OnChannelMessage'...
[07:13:45] [INFO] PAWN callback successfully executed.
[07:13:48] [INFO] executing PAWN callback 'DCC_OnChannelMessage'...
[07:13:48] [INFO] PAWN callback successfully executed.
[07:13:48] [INFO] executing PAWN callback 'DCC_OnChannelMessage'...
[07:13:48] [INFO] PAWN callback successfully executed.
[07:14:10] [ERROR] can't update guild member presence: guild id "offline" not cached
[07:14:30] [INFO] executing PAWN callback 'DCC_OnChannelMessage'...
[07:14:30] [INFO] PAWN callback successfully executed.
[07:22:45] [INFO] changed log level from 'warning, error' to 'info, warning, error'
[07:22:47] [INFO] successfully created channel with id '1'
[07:22:47] [INFO] successfully created guild with id '1'
[07:23:02] [INFO] executing PAWN callback 'DCC_OnChannelMessage'...
[07:23:02] [INFO] PAWN callback successfully executed.
[07:25:03] [ERROR] can't update guild member presence: guild id "idle" not cached
[07:28:59] [INFO] executing PAWN callback 'DCC_OnChannelMessage'...
[07:28:59] [INFO] PAWN callback successfully executed.
[07:30:47] [ERROR] can't update guild member presence: guild id "offline" not cached
[08:04:01] [INFO] changed log level from 'warning, error' to 'info, warning, error'
[08:04:03] [INFO] successfully created channel with id '1'
[08:04:03] [INFO] successfully created guild with id '1'
[08:04:36] [INFO] executing PAWN callback 'DCC_OnChannelMessage'...
[08:04:36] [INFO] PAWN callback successfully executed.
[08:05:55] [ERROR] can't update guild member presence: guild id "offline" not cached
[08:07:55] [ERROR] can't update guild member presence: guild id "offline" not cached
[08:09:52] [INFO] changed log level from 'warning, error' to 'info, warning, error'
[08:09:54] [INFO] successfully created channel with id '1'
[08:09:54] [INFO] successfully created guild with id '1'
[08:10:08] [ERROR] can't update guild member presence: guild id "online" not cached
[08:10:14] [INFO] changed log level from 'warning, error' to 'info, warning, error'
[08:10:16] [INFO] successfully created channel with id '1'
[08:10:16] [INFO] successfully created guild with id '1'
[08:10:22] [INFO] executing PAWN callback 'DCC_OnChannelMessage'...
[08:10:22] [INFO] PAWN callback successfully executed.
[08:10:31] [INFO] executing PAWN callback 'DCC_OnChannelMessage'...
[08:10:31] [INFO] PAWN callback successfully executed.
[08:10:36] [ERROR] can't update guild member presence: guild id "offline" not cached
[08:22:33] [ERROR] can't update guild member presence: guild id "idle" not cached
[08:30:48] [ERROR] can't update guild member presence: guild id "online" not cached
[08:34:56] [INFO] changed log level from 'warning, error' to 'info, warning, error'
[08:34:57] [INFO] successfully created channel with id '1'
[08:34:57] [INFO] successfully created guild with id '1'
[08:35:12] [INFO] executing PAWN callback 'DCC_OnChannelMessage'...
[08:35:12] [INFO] PAWN callback successfully executed.
[08:35:21] [INFO] executing PAWN callback 'DCC_OnChannelMessage'...
[08:35:21] [INFO] PAWN callback successfully executed.
[08:39:54] [INFO] executing PAWN callback 'DCC_OnChannelMessage'...
[08:39:54] [INFO] PAWN callback successfully executed.
[08:39:58] [INFO] executing PAWN callback 'DCC_OnChannelMessage'...
[08:39:58] [INFO] PAWN callback successfully executed.
[08:50:08] [ERROR] can't update guild member presence: guild id "offline" not cached
[08:52:33] [ERROR] can't update guild member presence: guild id "idle" not cached
[09:05:40] [ERROR] can't update guild member presence: guild id "offline" not cached
[09:07:41] [ERROR] can't update guild member presence: guild id "offline" not cached
[09:31:12] [INFO] changed log level from 'warning, error' to 'info, warning, error'
[09:31:13] [INFO] successfully created channel with id '1'
[09:31:13] [INFO] successfully created guild with id '1'
[09:31:23] [INFO] executing PAWN callback 'DCC_OnChannelMessage'...
[09:31:23] [INFO] PAWN callback successfully executed.
[09:31:31] [INFO] executing PAWN callback 'DCC_OnChannelMessage'...
[09:31:31] [INFO] PAWN callback successfully executed.
[09:38:37] [INFO] changed log level from 'warning, error' to 'info, warning, error'
[09:38:38] [INFO] successfully created channel with id '1'
[09:38:38] [INFO] successfully created guild with id '1'
[09:38:54] [INFO] executing PAWN callback 'DCC_OnChannelMessage'...
[09:38:54] [INFO] PAWN callback successfully executed.
[09:38:59] [INFO] executing PAWN callback 'DCC_OnChannelMessage'...
[09:38:59] [INFO] PAWN callback successfully executed.
[09:42:44] [INFO] executing PAWN callback 'DCC_OnChannelMessage'...
[09:42:44] [INFO] PAWN callback successfully executed.
[09:43:45] [INFO] executing PAWN callback 'DCC_OnChannelMessage'...
[09:43:45] [INFO] PAWN callback successfully executed.
[09:43:56] [ERROR] can't update guild member presence: guild id "online" not cached
[09:58:29] [ERROR] Error while retrieving HTTP POST response from '/api/v6/channels/487093414756876302/messages': end of stream
[09:58:29] [INFO] trying reconnect #1...
[09:58:29] [INFO] reconnect succeeded, resending request
[09:58:30] [INFO] executing PAWN callback 'DCC_OnChannelMessage'...
[09:58:30] [INFO] PAWN callback successfully executed.
[10:00:23] [INFO] changed log level from 'warning, error' to 'info, warning, error'
[10:00:24] [INFO] successfully created channel with id '1'
[10:00:24] [INFO] successfully created guild with id '1'
[10:00:33] [INFO] executing PAWN callback 'DCC_OnChannelMessage'...
[10:00:33] [INFO] PAWN callback successfully executed.
[10:00:41] [INFO] executing PAWN callback 'DCC_OnChannelMessage'...
[10:00:41] [INFO] PAWN callback successfully executed.
[10:05:03] [ERROR] can't update guild member presence: guild id "idle" not cached
[10:07:51] [ERROR] Error while retrieving HTTP POST response from '/api/v6/channels/487093414756876302/messages': end of stream
[10:07:51] [INFO] trying reconnect #1...
[10:07:52] [INFO] reconnect succeeded, resending request
[10:07:52] [INFO] executing PAWN callback 'DCC_OnChannelMessage'...
[10:07:52] [INFO] PAWN callback successfully executed.
[10:11:05] [INFO] changed log level from 'warning, error' to 'info, warning, error'
[10:11:07] [INFO] successfully created channel with id '1'
[10:11:07] [INFO] successfully created guild with id '1'
[10:11:30] [INFO] executing PAWN callback 'DCC_OnChannelMessage'...
[10:11:30] [INFO] PAWN callback successfully executed.
[10:12:54] [INFO] executing PAWN callback 'DCC_OnChannelMessage'...
[10:12:54] [INFO] PAWN callback successfully executed.
[10:26:02] [INFO] changed log level from 'warning, error' to 'info, warning, error'
[10:26:11] [INFO] changed log level from 'warning, error' to 'info, warning, error'
[10:26:12] [INFO] successfully created channel with id '1'
[10:26:12] [INFO] successfully created guild with id '1'
[10:26:16] [INFO] executing PAWN callback 'DCC_OnChannelMessage'...
[10:26:16] [INFO] PAWN callback successfully executed.
[10:26:25] [INFO] executing PAWN callback 'DCC_OnChannelMessage'...
[10:26:25] [INFO] PAWN callback successfully executed.
[10:33:49] [ERROR] Error while retrieving HTTP POST response from '/api/v6/channels/487093414756876302/messages': end of stream
[10:33:49] [INFO] trying reconnect #1...
[10:33:50] [INFO] reconnect succeeded, resending request
[10:33:50] [INFO] executing PAWN callback 'DCC_OnChannelMessage'...
[10:33:50] [INFO] PAWN callback successfully executed.
[10:34:34] [INFO] executing PAWN callback 'DCC_OnChannelMessage'...
[10:34:34] [INFO] PAWN callback successfully executed.
[10:45:53] [ERROR] Error while retrieving HTTP POST response from '/api/v6/channels/487093414756876302/messages': end of stream
[10:45:53] [INFO] trying reconnect #1...
[10:45:53] [INFO] reconnect succeeded, resending request
[10:45:54] [INFO] executing PAWN callback 'DCC_OnChannelMessage'...
[10:45:54] [INFO] PAWN callback successfully executed.
